student netid: powenwl2-yutekuo2

running 3 tests
test types::merkle::tests::sp2022autograder011 ... ok
test types::merkle::tests::sp2022autograder013 ... ok
test types::merkle::tests::sp2022autograder012 ... FAILED

failures:

---- types::merkle::tests::sp2022autograder012 stdout ----
thread 'types::merkle::tests::sp2022autograder012' panicked at 'assertion failed: verify(&merkle_tree.root(), &input_data[i].hash(), &proof, i,\n       input_data.len())', src/types/merkle.rs:279:13
note: run with `RUST_BACKTRACE=1` environment variable to display a backtrace


failures:
    types::merkle::tests::sp2022autograder012

test result: FAILED. 2 passed; 1 failed; 0 ignored; 0 measured; 8 filtered out; finished in 0.00s

student netid: powenwl2-yutekuo2

running 3 tests
test types::merkle::tests::sp2022autograder011 ... ok
test types::merkle::tests::sp2022autograder013 ... ok
test types::merkle::tests::sp2022autograder012 ... FAILED

failures:

---- types::merkle::tests::sp2022autograder012 stdout ----
thread 'types::merkle::tests::sp2022autograder012' panicked at 'assertion failed: verify(&merkle_tree.root(), &input_data[i].hash(), &proof, i,\n       input_data.len())', src/types/merkle.rs:279:13
note: run with `RUST_BACKTRACE=1` environment variable to display a backtrace


failures:
    types::merkle::tests::sp2022autograder012

test result: FAILED. 2 passed; 1 failed; 0 ignored; 0 measured; 8 filtered out; finished in 0.00s

student netid: powenwl2-yutekuo2

running 3 tests
test types::merkle::tests::sp2022autograder011 ... ok
test types::merkle::tests::sp2022autograder013 ... ok
test types::merkle::tests::sp2022autograder012 ... ok

test result: ok. 3 passed; 0 failed; 0 ignored; 0 measured; 8 filtered out; finished in 0.00s

